2025-06-17 01:21:01.132 | INFO     | __main__:<module>:29 - Бот запущен!
2025-06-17 01:28:49.557 | WARNING  | __main__:<module>:32 - Бот остановлен пользователем. Завершение работу...
2025-06-17 01:28:49.558 | INFO     | __main__:<module>:34 - Очистка ресурсов...
2025-06-17 01:41:05.799 | INFO     | __main__:<module>:29 - Бот запущен!
2025-06-17 01:41:05.812 | INFO     | __main__:<module>:34 - Очистка ресурсов...
2025-06-17 01:42:33.412 | INFO     | __main__:<module>:29 - Бот запущен!
2025-06-17 01:50:53.867 | WARNING  | __main__:<module>:32 - Бот остановлен пользователем. Завершение работу...
2025-06-17 01:50:53.868 | INFO     | __main__:<module>:34 - Очистка ресурсов...
2025-06-19 19:33:50.396 | INFO     | __main__:<module>:29 - Бот запущен!
2025-06-19 19:36:15.692 | WARNING  | __main__:<module>:32 - Бот остановлен пользователем. Завершение работу...
2025-06-19 19:36:15.692 | INFO     | __main__:<module>:34 - Очистка ресурсов...
2025-06-19 19:36:19.380 | INFO     | __main__:<module>:29 - Бот запущен!
2025-06-19 19:41:21.099 | WARNING  | __main__:<module>:32 - Бот остановлен пользователем. Завершение работу...
2025-06-19 19:41:21.099 | INFO     | __main__:<module>:34 - Очистка ресурсов...
2025-06-19 19:41:24.788 | INFO     | __main__:<module>:29 - Бот запущен!
2025-06-19 19:43:46.300 | WARNING  | __main__:<module>:32 - Бот остановлен пользователем. Завершение работу...
2025-06-19 19:43:46.300 | INFO     | __main__:<module>:34 - Очистка ресурсов...
2025-06-19 19:51:42.624 | INFO     | __main__:<module>:29 - Бот запущен!
2025-06-19 19:58:32.025 | WARNING  | __main__:<module>:32 - Бот остановлен пользователем. Завершение работы...
2025-06-19 19:58:32.025 | INFO     | __main__:<module>:34 - Очистка ресурсов...
2025-06-19 19:58:35.801 | INFO     | __main__:<module>:29 - Бот запущен!
2025-06-19 20:03:41.394 | WARNING  | __main__:<module>:32 - Бот остановлен пользователем. Завершение работы...
2025-06-19 20:03:41.394 | INFO     | __main__:<module>:34 - Очистка ресурсов...
2025-06-19 20:03:45.924 | INFO     | __main__:<module>:29 - Бот запущен!
2025-06-19 20:51:20.987 | WARNING  | __main__:<module>:32 - Бот остановлен пользователем. Завершение работы...
2025-06-19 20:51:20.992 | INFO     | __main__:<module>:34 - Очистка ресурсов...
2025-06-19 20:54:43.217 | INFO     | __main__:<module>:29 - Бот запущен!
2025-06-19 20:56:26.528 | WARNING  | __main__:<module>:32 - Бот остановлен пользователем. Завершение работы...
2025-06-19 20:56:26.528 | INFO     | __main__:<module>:34 - Очистка ресурсов...
2025-06-19 20:56:29.221 | INFO     | __main__:<module>:29 - Бот запущен!
2025-06-19 20:56:38.670 | WARNING  | __main__:<module>:32 - Бот остановлен пользователем. Завершение работы...
2025-06-19 20:56:38.670 | INFO     | __main__:<module>:34 - Очистка ресурсов...
2025-06-19 20:59:56.770 | INFO     | __main__:<module>:29 - Бот запущен!
2025-06-19 21:00:59.113 | WARNING  | __main__:<module>:32 - Бот остановлен пользователем. Завершение работы...
2025-06-19 21:00:59.113 | INFO     | __main__:<module>:34 - Очистка ресурсов...
2025-06-19 21:01:01.959 | INFO     | __main__:<module>:29 - Бот запущен!
2025-06-19 21:01:34.203 | WARNING  | __main__:<module>:32 - Бот остановлен пользователем. Завершение работы...
2025-06-19 21:01:34.204 | INFO     | __main__:<module>:34 - Очистка ресурсов...
2025-06-19 21:01:37.022 | INFO     | __main__:<module>:29 - Бот запущен!
2025-06-19 21:03:08.604 | WARNING  | __main__:<module>:32 - Бот остановлен пользователем. Завершение работы...
2025-06-19 21:03:08.604 | INFO     | __main__:<module>:34 - Очистка ресурсов...
2025-06-20 02:10:27.938 | INFO     | __main__:<module>:29 - Бот запущен!
2025-06-20 02:13:42.790 | WARNING  | __main__:<module>:32 - Бот остановлен пользователем. Завершение работы...
2025-06-20 02:13:42.790 | INFO     | __main__:<module>:34 - Очистка ресурсов...
2025-06-20 02:13:46.552 | INFO     | __main__:<module>:29 - Бот запущен!
2025-06-20 02:18:54.832 | WARNING  | __main__:<module>:32 - Бот остановлен пользователем. Завершение работы...
2025-06-20 02:18:54.833 | INFO     | __main__:<module>:34 - Очистка ресурсов...
2025-06-20 02:18:59.198 | INFO     | __main__:<module>:29 - Бот запущен!
2025-06-20 02:26:44.808 | WARNING  | __main__:<module>:32 - Бот остановлен пользователем. Завершение работы...
2025-06-20 02:26:44.808 | INFO     | __main__:<module>:34 - Очистка ресурсов...
2025-06-20 02:26:48.657 | INFO     | __main__:<module>:29 - Бот запущен!
2025-06-20 02:28:43.488 | WARNING  | __main__:<module>:32 - Бот остановлен пользователем. Завершение работы...
2025-06-20 02:28:43.488 | INFO     | __main__:<module>:34 - Очистка ресурсов...
2025-06-20 02:28:47.665 | INFO     | __main__:<module>:29 - Бот запущен!
2025-06-20 02:29:09.323 | INFO     | __main__:<module>:34 - Очистка ресурсов...
2025-06-20 02:29:34.866 | INFO     | __main__:<module>:29 - Бот запущен!
2025-06-20 02:30:14.097 | WARNING  | __main__:<module>:32 - Бот остановлен пользователем. Завершение работы...
2025-06-20 02:30:14.098 | INFO     | __main__:<module>:34 - Очистка ресурсов...
2025-06-20 02:30:17.816 | INFO     | __main__:<module>:29 - Бот запущен!
2025-06-20 02:32:29.407 | WARNING  | __main__:<module>:32 - Бот остановлен пользователем. Завершение работы...
2025-06-20 02:32:29.408 | INFO     | __main__:<module>:34 - Очистка ресурсов...
2025-06-20 02:33:00.118 | INFO     | __main__:<module>:29 - Бот запущен!
2025-06-20 02:45:26.603 | WARNING  | __main__:<module>:32 - Бот остановлен пользователем. Завершение работы...
2025-06-20 02:45:26.604 | INFO     | __main__:<module>:34 - Очистка ресурсов...
2025-06-28 12:00:37.045 | INFO     | __main__:<module>:29 - Бот запущен!
2025-06-28 12:01:17.918 | WARNING  | __main__:<module>:32 - Бот остановлен пользователем. Завершение работы...
2025-06-28 12:01:17.918 | INFO     | __main__:<module>:34 - Очистка ресурсов...
2025-06-28 12:34:14.558 | INFO     | __main__:<module>:29 - Бот запущен!
2025-06-28 12:44:23.856 | WARNING  | __main__:<module>:32 - Бот остановлен пользователем. Завершение работы...
2025-06-28 12:44:23.856 | INFO     | __main__:<module>:34 - Очистка ресурсов...
2025-06-28 12:44:27.983 | INFO     | __main__:<module>:29 - Бот запущен!
2025-06-28 12:47:33.165 | WARNING  | __main__:<module>:32 - Бот остановлен пользователем. Завершение работы...
2025-06-28 12:47:33.166 | INFO     | __main__:<module>:34 - Очистка ресурсов...
2025-06-28 12:47:37.047 | INFO     | __main__:<module>:29 - Бот запущен!
2025-06-28 12:58:28.657 | WARNING  | __main__:<module>:32 - Бот остановлен пользователем. Завершение работы...
2025-06-28 12:58:28.658 | INFO     | __main__:<module>:34 - Очистка ресурсов...
2025-06-28 12:58:32.441 | INFO     | __main__:<module>:29 - Бот запущен!
2025-06-28 13:17:47.024 | WARNING  | __main__:<module>:32 - Бот остановлен пользователем. Завершение работы...
2025-06-28 13:17:47.024 | INFO     | __main__:<module>:34 - Очистка ресурсов...
2025-07-01 22:24:56.863 | INFO     | __main__:<module>:29 - Бот запущен!
2025-07-01 22:25:06.374 | WARNING  | __main__:<module>:32 - Бот остановлен пользователем. Завершение работы...
2025-07-01 22:25:06.374 | INFO     | __main__:<module>:34 - Очистка ресурсов...
2025-07-01 22:25:10.306 | INFO     | __main__:<module>:29 - Бот запущен!
2025-07-01 22:40:23.837 | WARNING  | __main__:<module>:32 - Бот остановлен пользователем. Завершение работы...
2025-07-01 22:40:23.838 | INFO     | __main__:<module>:34 - Очистка ресурсов...
2025-07-01 22:40:27.693 | INFO     | __main__:<module>:29 - Бот запущен!
2025-07-01 22:47:01.839 | WARNING  | __main__:<module>:32 - Бот остановлен пользователем. Завершение работы...
2025-07-01 22:47:01.839 | INFO     | __main__:<module>:34 - Очистка ресурсов...
2025-07-01 22:47:05.664 | INFO     | __main__:<module>:29 - Бот запущен!
2025-07-01 22:48:44.002 | WARNING  | __main__:<module>:32 - Бот остановлен пользователем. Завершение работы...
2025-07-01 22:48:44.002 | INFO     | __main__:<module>:34 - Очистка ресурсов...
2025-07-01 22:48:47.652 | INFO     | __main__:<module>:29 - Бот запущен!
2025-07-01 22:52:37.900 | WARNING  | __main__:<module>:32 - Бот остановлен пользователем. Завершение работы...
2025-07-01 22:52:37.901 | INFO     | __main__:<module>:34 - Очистка ресурсов...
2025-07-01 22:52:41.602 | INFO     | __main__:<module>:29 - Бот запущен!
2025-07-01 22:54:26.477 | WARNING  | __main__:<module>:32 - Бот остановлен пользователем. Завершение работы...
2025-07-01 22:54:26.477 | INFO     | __main__:<module>:34 - Очистка ресурсов...
2025-07-01 22:54:30.343 | INFO     | __main__:<module>:29 - Бот запущен!
2025-07-01 22:59:12.114 | WARNING  | __main__:<module>:32 - Бот остановлен пользователем. Завершение работы...
2025-07-01 22:59:12.115 | INFO     | __main__:<module>:34 - Очистка ресурсов...
2025-07-01 22:59:15.804 | INFO     | __main__:<module>:29 - Бот запущен!
2025-07-01 22:59:55.617 | INFO     | app.handlers.registration:on_complete_registration:219 - Пользователь зарегистрирован: tg_id=320542325, поля заполнены.
2025-07-01 23:14:51.769 | WARNING  | __main__:<module>:32 - Бот остановлен пользователем. Завершение работы...
2025-07-01 23:14:51.769 | INFO     | __main__:<module>:34 - Очистка ресурсов...
2025-07-01 23:18:44.958 | INFO     | __main__:<module>:29 - Бот запущен!
2025-07-01 23:21:54.956 | WARNING  | __main__:<module>:32 - Бот остановлен пользователем. Завершение работы...
2025-07-01 23:21:54.957 | INFO     | __main__:<module>:34 - Очистка ресурсов...
2025-07-01 23:21:58.650 | INFO     | __main__:<module>:29 - Бот запущен!
2025-07-01 23:22:43.453 | INFO     | app.handlers.registration:on_complete_registration:236 - Профиль пользователя обновлён: tg_id=320542325, данные обновлены в БД.
2025-07-01 23:26:23.343 | WARNING  | __main__:<module>:32 - Бот остановлен пользователем. Завершение работы...
2025-07-01 23:26:23.344 | INFO     | __main__:<module>:34 - Очистка ресурсов...
2025-07-01 23:26:26.901 | INFO     | __main__:<module>:29 - Бот запущен!
2025-07-01 23:34:42.521 | INFO     | app.handlers.registration:on_complete_registration:236 - Профиль пользователя обновлён: tg_id=320542325, данные обновлены в БД.
2025-07-01 23:38:46.943 | WARNING  | __main__:<module>:32 - Бот остановлен пользователем. Завершение работы...
2025-07-01 23:38:46.944 | INFO     | __main__:<module>:34 - Очистка ресурсов...
2025-07-01 23:38:50.835 | INFO     | __main__:<module>:29 - Бот запущен!
2025-07-01 23:39:30.573 | INFO     | app.handlers.registration:on_complete_registration:237 - Профиль пользователя обновлён: tg_id=320542325, данные обновлены в БД.
2025-07-01 23:57:23.029 | WARNING  | __main__:<module>:32 - Бот остановлен пользователем. Завершение работы...
2025-07-01 23:57:23.030 | INFO     | __main__:<module>:34 - Очистка ресурсов...
2025-07-01 23:57:26.831 | INFO     | __main__:<module>:29 - Бот запущен!
2025-07-01 23:58:15.366 | INFO     | app.handlers.registration:on_complete_registration:237 - Профиль пользователя обновлён: tg_id=320542325, данные обновлены в БД.
2025-07-02 00:57:08.293 | WARNING  | __main__:<module>:32 - Бот остановлен пользователем. Завершение работы...
2025-07-02 00:57:08.300 | INFO     | __main__:<module>:34 - Очистка ресурсов...
2025-07-04 12:58:53.998 | INFO     | __main__:<module>:29 - Бот запущен!
2025-07-04 13:14:59.328 | WARNING  | __main__:<module>:32 - Бот остановлен пользователем. Завершение работы...
2025-07-04 13:14:59.329 | INFO     | __main__:<module>:34 - Очистка ресурсов...
2025-07-04 13:22:45.264 | INFO     | __main__:<module>:29 - Бот запущен!
2025-07-04 13:23:37.943 | ERROR    | app.handlers.registration:on_complete_registration:259 - Ошибка при сохранении данных пользователя 320542325: Can't operate on closed transaction inside context manager.  Please complete the context manager before emitting further commands.
2025-07-04 13:30:09.714 | WARNING  | __main__:<module>:32 - Бот остановлен пользователем. Завершение работы...
2025-07-04 13:30:09.715 | INFO     | __main__:<module>:34 - Очистка ресурсов...
2025-07-04 13:30:13.650 | INFO     | __main__:<module>:29 - Бот запущен!
2025-07-04 13:30:45.625 | ERROR    | app.handlers.registration:on_complete_registration:259 - Ошибка при сохранении данных пользователя 320542325: (pymysql.err.IntegrityError) (1062, "Duplicate entry '320542325' for key 'users.ix_users_tg_id'")
[SQL: INSERT INTO users (tg_id, name, age, description, city, photo1, photo2, photo3, video, longitude, latitude, instagram, phone, is_search, min_age, max_age, gender, seeking_gender, is_registered, lang_code, index_field, username) VALUES (%s, %s, %s, %s, %s, %s, %s, %s, %s, %s, %s, %s, %s, %s, %s, %s, %s, %s, %s, %s, %s, %s)]
[parameters: (320542325, 'Петя', 18, 'я балбес', 'Москва', 'AgACAgIAAxkBAAICXWhnq6XlzaE6mp4UHCdZAuETqphWAAIh6zEbNKtBS3CnYB7t0xPXAQADAgADeQADNgQ', 'AgACAgIAAxkBAAICXWhnq6XlzaE6mp4UHCdZAuETqphWAAIh6zEbNKtBS3CnYB7t0xPXAQADAgADeQADNgQ', None, None, None, None, None, None, 1, 18, 25, 'M', 'N', 1, 'ru', None, 'meguschka')]
(Background on this error at: https://sqlalche.me/e/20/gkpj)
2025-07-04 13:33:24.912 | WARNING  | __main__:<module>:32 - Бот остановлен пользователем. Завершение работы...
2025-07-04 13:33:24.912 | INFO     | __main__:<module>:34 - Очистка ресурсов...
2025-07-04 13:58:29.634 | INFO     | __main__:<module>:29 - Бот запущен!
2025-07-04 14:01:47.961 | INFO     | app.handlers.registration:on_complete_registration:250 - Пользователь обновлён: tg_id=320542325, username=meguschka, данные сохранены в БД.
2025-07-04 14:20:58.280 | WARNING  | __main__:<module>:32 - Бот остановлен пользователем. Завершение работы...
2025-07-04 14:20:58.280 | INFO     | __main__:<module>:34 - Очистка ресурсов...
2025-07-04 14:21:02.279 | INFO     | __main__:<module>:29 - Бот запущен!
2025-07-04 14:55:53.441 | WARNING  | __main__:<module>:32 - Бот остановлен пользователем. Завершение работы...
2025-07-04 14:55:53.441 | INFO     | __main__:<module>:34 - Очистка ресурсов...
2025-07-04 14:55:57.213 | INFO     | __main__:<module>:29 - Бот запущен!
2025-07-04 14:56:35.009 | WARNING  | __main__:<module>:32 - Бот остановлен пользователем. Завершение работы...
2025-07-04 14:56:35.010 | INFO     | __main__:<module>:34 - Очистка ресурсов...
2025-07-04 14:56:38.853 | INFO     | __main__:<module>:29 - Бот запущен!
2025-07-04 14:58:10.696 | INFO     | app.handlers.registration:on_complete_registration:248 - Пользователь зарегистрирован: tg_id=2125723454, username=secretly_jerked, данные сохранены в БД.
2025-07-04 15:01:49.987 | WARNING  | __main__:<module>:32 - Бот остановлен пользователем. Завершение работы...
2025-07-04 15:01:49.987 | INFO     | __main__:<module>:34 - Очистка ресурсов...
2025-12-10 14:24:38.346 | INFO     | __main__:<module>:29 - Бот запущен!
2025-12-10 14:26:50.700 | INFO     | __main__:<module>:29 - Бот запущен!
2025-12-10 14:29:17.692 | INFO     | app.handlers.registration:on_complete_registration:253 - Пользователь зарегистрирован: tg_id=982021218, username=dark_angel_dev, данные сохранены в БД.
